[0m15:01:49.194989 [debug] [MainThread]: Sending event: {'category': 'dbt', 'action': 'invocation', 'label': 'start', 'context': [<snowplow_tracker.self_describing_json.SelfDescribingJson object at 0x00000160785894C0>, <snowplow_tracker.self_describing_json.SelfDescribingJson object at 0x000001607802C740>, <snowplow_tracker.self_describing_json.SelfDescribingJson object at 0x000001607802F740>]}


============================== 15:01:49.215172 | f755a6fc-afbe-4920-a0ac-2b43ea89b127 ==============================
[0m15:01:49.215172 [info ] [MainThread]: Running with dbt=1.9.0-rc2
[0m15:01:49.215172 [debug] [MainThread]: running dbt with arguments {'printer_width': '80', 'indirect_selection': 'eager', 'write_json': 'True', 'log_cache_events': 'False', 'partial_parse': 'True', 'cache_selected_only': 'False', 'warn_error': 'None', 'version_check': 'True', 'fail_fast': 'False', 'log_path': 'logs', 'debug': 'False', 'profiles_dir': 'C:\\Users\\Control\\.dbt', 'use_colors': 'True', 'use_experimental_parser': 'False', 'no_print': 'None', 'quiet': 'False', 'empty': 'None', 'warn_error_options': 'WarnErrorOptions(include=[], exclude=[])', 'introspect': 'True', 'log_format': 'default', 'static_parser': 'True', 'target_path': 'None', 'invocation_command': 'dbt init', 'send_anonymous_usage_stats': 'True'}
[0m15:01:49.530783 [warn ] [MainThread]: [ConfigFolderDirectory]: Unable to parse logging event dictionary. Failed to parse dir field: expected string or bytes-like object, got 'WindowsPath'.. Dictionary: {'dir': WindowsPath('C:/Users/Control/.dbt')}
[0m15:01:49.531744 [info ] [MainThread]: Creating dbt configuration folder at 
[0m15:02:26.131061 [debug] [MainThread]: Starter project path: C:\Workspace\SGSP_BI\DW-SGSP\.venv\Lib\site-packages\dbt\include\starter_project
[0m15:02:26.177934 [info ] [MainThread]: 
Your new dbt project "DW" was created!

For more information on how to configure the profiles.yml file,
please consult the dbt documentation here:

  https://docs.getdbt.com/docs/configure-your-profile

One more thing:

Need help? Don't hesitate to reach out to us via GitHub issues or on Slack:

  https://community.getdbt.com/

Happy modeling!

[0m15:02:26.181923 [info ] [MainThread]: Setting up your profile.
[0m15:07:49.914611 [info ] [MainThread]: Profile DW written to C:\Users\Control\.dbt\profiles.yml using target's profile_template.yml and your supplied values. Run 'dbt debug' to validate the connection.
[0m15:07:49.918568 [debug] [MainThread]: Command `dbt init` succeeded at 15:07:49.917570 after 361.08 seconds
[0m15:07:49.919564 [debug] [MainThread]: Sending event: {'category': 'dbt', 'action': 'invocation', 'label': 'end', 'context': [<snowplow_tracker.self_describing_json.SelfDescribingJson object at 0x000001607AB88170>, <snowplow_tracker.self_describing_json.SelfDescribingJson object at 0x000001607AB88110>, <snowplow_tracker.self_describing_json.SelfDescribingJson object at 0x000001607B7B09B0>]}
[0m15:07:49.919564 [debug] [MainThread]: Flushing usage events
[0m15:07:50.501042 [debug] [MainThread]: An error was encountered while trying to flush usage events
